app/build/intermediates/manifest_merge_blame_file/debug/manifest-merger-blame-debug-report.txt
1<?xml version="1.0" encoding="utf-8"?>
2<manifest xmlns:android="http://schemas.android.com/apk/res/android"
3    package="com.fxz.artagent"
4    android:versionCode="1"
5    android:versionName="1.0" >
6
7    <uses-sdk
8        android:minSdkVersion="26"
8-->src\main\AndroidManifest.xml
9        android:targetSdkVersion="32" />
9-->src\main\AndroidManifest.xml
10
11    <uses-permission android:name="android.permission.INTERNET" />
11-->src\main\AndroidManifest.xml:5:5-67
11-->src\main\AndroidManifest.xml:5:22-64
12    <uses-permission android:name="android.permission.FOREGROUND_SERVICE" />
12-->src\main\AndroidManifest.xml:6:5-77
12-->src\main\AndroidManifest.xml:6:22-74
13    <uses-permission android:name="android.permission.SYSTEM_ALERT_WINDOW" />
13-->src\main\AndroidManifest.xml:7:5-78
13-->src\main\AndroidManifest.xml:7:22-75
14
15    <application
15-->src\main\AndroidManifest.xml:9:5-42:19
16        android:allowBackup="true"
16-->src\main\AndroidManifest.xml:10:9-35
17        android:appComponentFactory="androidx.core.app.CoreComponentFactory"
17-->[androidx.core:core:1.5.0] AndroidManifest.xml:24:18-86
18        android:debuggable="true"
19        android:extractNativeLibs="false"
20        android:icon="@mipmap/ic_launcher"
20-->src\main\AndroidManifest.xml:11:9-43
21        android:label="@string/app_name"
21-->src\main\AndroidManifest.xml:12:9-41
22        android:roundIcon="@mipmap/ic_launcher_round"
22-->src\main\AndroidManifest.xml:13:9-54
23        android:supportsRtl="true"
23-->src\main\AndroidManifest.xml:14:9-35
24        android:testOnly="true"
25        android:theme="@style/Theme.ArtAgent" >
25-->src\main\AndroidManifest.xml:15:9-46
26        <service
26-->src\main\AndroidManifest.xml:16:9-26:19
27            android:name="com.fxz.artagent.TextAccessibilityService"
27-->src\main\AndroidManifest.xml:17:13-53
28            android:exported="false"
28-->src\main\AndroidManifest.xml:19:13-37
29            android:permission="android.permission.BIND_ACCESSIBILITY_SERVICE" >
29-->src\main\AndroidManifest.xml:18:13-79
30            <intent-filter>
30-->src\main\AndroidManifest.xml:20:13-22:29
31                <action android:name="android.accessibilityservice.AccessibilityService" />
31-->src\main\AndroidManifest.xml:21:17-92
31-->src\main\AndroidManifest.xml:21:25-89
32            </intent-filter>
33
34            <meta-data
34-->src\main\AndroidManifest.xml:23:13-25:72
35                android:name="android.accessibilityservice"
35-->src\main\AndroidManifest.xml:24:17-60
36                android:resource="@xml/accessibility_service_config" />
36-->src\main\AndroidManifest.xml:25:17-69
37        </service>
38        <service
38-->src\main\AndroidManifest.xml:27:9-31:63
39            android:name="com.fxz.artagent.FloatingWindowService"
39-->src\main\AndroidManifest.xml:28:13-50
40            android:enabled="true"
40-->src\main\AndroidManifest.xml:29:13-35
41            android:exported="true"
41-->src\main\AndroidManifest.xml:30:13-36
42            android:foregroundServiceType="mediaProjection" />
42-->src\main\AndroidManifest.xml:31:13-60
43
44        <activity
44-->src\main\AndroidManifest.xml:33:9-40:20
45            android:name="com.fxz.artagent.MainActivity"
45-->src\main\AndroidManifest.xml:34:13-41
46            android:exported="true" >
46-->src\main\AndroidManifest.xml:35:13-36
47            <intent-filter>
47-->src\main\AndroidManifest.xml:36:13-39:29
48                <action android:name="android.intent.action.MAIN" />
48-->src\main\AndroidManifest.xml:37:17-69
48-->src\main\AndroidManifest.xml:37:25-66
49
50                <category android:name="android.intent.category.LAUNCHER" />
50-->src\main\AndroidManifest.xml:38:17-77
50-->src\main\AndroidManifest.xml:38:27-74
51            </intent-filter>
52        </activity>
53    </application>
54
55</manifest>